#
# A fatal error has been detected by the Java Runtime Environment:
#
#  EXCEPTION_ACCESS_VIOLATION (0xc0000005) at pc=0x00000001800087dd, pid=15008, tid=13460
#
# JRE version: Java(TM) SE Runtime Environment (8.0_45-b15) (build 1.8.0_45-b15)
# Java VM: Java HotSpot(TM) 64-Bit Server VM (25.45-b02 mixed mode windows-amd64 compressed oops)
# Problematic frame:
# C  [rxtxSerial.dll+0x87dd]
#
# Failed to write core dump. Minidumps are not enabled by default on client versions of Windows
#
# If you would like to submit a bug report, please visit:
#   http://bugreport.java.com/bugreport/crash.jsp
# The crash happened outside the Java Virtual Machine in native code.
# See problematic frame for where to report the bug.
#

---------------  T H R E A D  ---------------

Current thread (0x0000000021cab800):  JavaThread "Timer-2" [_thread_in_native, id=13460, stack(0x0000000025b80000,0x0000000025c80000)]

siginfo: ExceptionCode=0xc0000005, writing address 0x0000000000000100

Registers:
RAX=0x0000000000000000, RBX=0x00000000214d1750, RCX=0x0000000000000002, RDX=0x0000000000000000
RSP=0x0000000025c7ecc0, RBP=0x0000000025c7ef38, RSI=0x000000001ed0b0fa, RDI=0x00000000214d8cf0
R8 =0x0000000000000000, R9 =0x0000000000000000, R10=0x00007ff932055740, R11=0x0000000000000001
R12=0x0000000025c7ef40, R13=0x00000000227ac9f0, R14=0x0000000025c7ef40, R15=0x0000000021cab800
RIP=0x00000001800087dd, EFLAGS=0x0000000000010202

Top of Stack: (sp=0x0000000025c7ecc0)
0x0000000025c7ecc0:   00000000214d1750 000000001ed0b0f0
0x0000000025c7ecd0:   0000000021cab800 000000000000000a
0x0000000025c7ece0:   000000001ed0b0f0 000000018000aab4
0x0000000025c7ecf0:   0000000021cab9f8 0000000000000106
0x0000000025c7ed00:   00000000227ac9f0 0000000025c7ef40
0x0000000025c7ed10:   0000000022462980 000000001ed0b0f0
0x0000000025c7ed20:   0000000025c7ef38 000000018000b7fe
0x0000000025c7ed30:   0000000000000009 00000000227ac9f0
0x0000000025c7ed40:   0000000021cab9f8 0000000000000000
0x0000000025c7ed50:   0000000021cab800 0000000000000000
0x0000000025c7ed60:   0000117bafe7f8c4 000000007fffffdb
0x0000000025c7ed70:   0000000025c7ee00 0000000000000042
0x0000000025c7ed80:   0000000021cab9f8 0000000000000000
0x0000000025c7ed90:   000000001ed0b0f0 000000018000213d
0x0000000025c7eda0:   0000000025c7ef38 000000018001c0b0
0x0000000025c7edb0:   0000000000000000 0000000180000000 

Instructions: (pc=0x00000001800087dd)
0x00000001800087bd:   00 00 7e 3d 48 8b 87 08 01 00 00 48 89 bb 00 01
0x00000001800087cd:   00 00 48 89 83 08 01 00 00 48 8b 87 08 01 00 00
0x00000001800087dd:   48 89 98 00 01 00 00 48 89 9f 08 01 00 00 48 8b
0x00000001800087ed:   c3 48 8b 5c 24 30 48 8b 74 24 38 48 83 c4 20 5f 


Register to memory mapping:

RAX=0x0000000000000000 is an unknown value
RBX=0x00000000214d1750 is an unknown value
RCX=0x0000000000000002 is an unknown value
RDX=0x0000000000000000 is an unknown value
RSP=0x0000000025c7ecc0 is pointing into the stack for thread: 0x0000000021cab800
RBP=0x0000000025c7ef38 is pointing into the stack for thread: 0x0000000021cab800
RSI=0x000000001ed0b0fa is an unknown value
RDI=0x00000000214d8cf0 is an unknown value
R8 =0x0000000000000000 is an unknown value
R9 =0x0000000000000000 is an unknown value
R10=0x00007ff932055740 is an unknown value
R11=0x0000000000000001 is an unknown value
R12=0x0000000025c7ef40 is pointing into the stack for thread: 0x0000000021cab800
R13=0x00000000227ac9f0 is pointing into metadata
R14=0x0000000025c7ef40 is pointing into the stack for thread: 0x0000000021cab800
R15=0x0000000021cab800 is a thread


Stack: [0x0000000025b80000,0x0000000025c80000],  sp=0x0000000025c7ecc0,  free space=1019k
Native frames: (J=compiled Java code, j=interpreted, Vv=VM code, C=native code)
C  [rxtxSerial.dll+0x87dd]
C  [rxtxSerial.dll+0xaab4]
C  [rxtxSerial.dll+0x213d]
C  0x00000000020b6937

Java frames: (J=compiled Java code, j=interpreted, Vv=VM code)
j  gnu.io.RXTXPort.open(Ljava/lang/String;)I+0
j  gnu.io.RXTXPort.<init>(Ljava/lang/String;)V+125
j  gnu.io.RXTXCommDriver.getCommPort(Ljava/lang/String;I)Lgnu/io/CommPort;+78
j  gnu.io.CommPortIdentifier.open(Ljava/lang/String;I)Lgnu/io/CommPort;+171
j  org.surfing.device.SerialDevice.open()V+68
j  org.surfing.service.serial.DiscoveryService.discoverySerial(Ljava/lang/String;I)Lorg/surfing/Device;+11
j  org.surfing.service.serial.DiscoveryService.addSerialDevice(Ljava/lang/String;)V+7
j  org.surfing.service.serial.DiscoveryService.scanPorts()Ljava/util/Collection;+162
j  org.surfing.service.serial.DiscoveryService.run()V+187
j  java.util.TimerThread.mainLoop()V+221
j  java.util.TimerThread.run()V+1
v  ~StubRoutines::call_stub

---------------  P R O C E S S  ---------------

Java Threads: ( => current thread )
  0x0000000020ac9800 JavaThread "MQTT Call: Surfing IoT-234" [_thread_blocked, id=6012, stack(0x00000000266d0000,0x00000000267d0000)]
  0x0000000020acc800 JavaThread "MQTT Snd: Surfing IoT-234" [_thread_blocked, id=7236, stack(0x00000000265d0000,0x00000000266d0000)]
  0x0000000020acb800 JavaThread "MQTT Rec: Surfing IoT-234" [_thread_in_native, id=10440, stack(0x0000000026370000,0x0000000026470000)]
  0x0000000020ac4800 JavaThread "Thread-10" [_thread_in_native, id=10492, stack(0x00000000239c0000,0x0000000023ac0000)]
  0x0000000020ac4000 JavaThread "Timer-3" [_thread_blocked, id=15344, stack(0x0000000025e80000,0x0000000025f80000)]
  0x0000000020ac5800 JavaThread "MQTT Call: Surfing IoT-267" [_thread_blocked, id=14404, stack(0x00000000264d0000,0x00000000265d0000)]
  0x0000000020ac8000 JavaThread "MQTT Snd: Surfing IoT-267" [_thread_blocked, id=12884, stack(0x0000000025c80000,0x0000000025d80000)]
  0x0000000020ac7000 JavaThread "MQTT Rec: Surfing IoT-267" [_thread_in_native, id=13648, stack(0x0000000024c80000,0x0000000024d80000)]
  0x0000000021cad000 JavaThread "Thread-7" daemon [_thread_in_native, id=928, stack(0x0000000025d80000,0x0000000025e80000)]
=>0x0000000021cab800 JavaThread "Timer-2" [_thread_in_native, id=13460, stack(0x0000000025b80000,0x0000000025c80000)]
  0x0000000021ca8000 JavaThread "Timer-1" [_thread_blocked, id=11796, stack(0x0000000025a80000,0x0000000025b80000)]
  0x0000000021cab000 JavaThread "Grizzly(16)" daemon [_thread_blocked, id=12220, stack(0x00000000251d0000,0x00000000252d0000)]
  0x0000000021ca8800 JavaThread "Grizzly(15)" daemon [_thread_blocked, id=15316, stack(0x00000000250d0000,0x00000000251d0000)]
  0x0000000021ca7000 JavaThread "Grizzly(14)" daemon [_thread_blocked, id=744, stack(0x0000000024fd0000,0x00000000250d0000)]
  0x0000000021caa000 JavaThread "Grizzly(13)" daemon [_thread_blocked, id=13180, stack(0x0000000024ed0000,0x0000000024fd0000)]
  0x0000000021ca9800 JavaThread "Grizzly(12)" daemon [_thread_blocked, id=14608, stack(0x0000000024dd0000,0x0000000024ed0000)]
  0x0000000021ca3800 JavaThread "Grizzly(11)" daemon [_thread_blocked, id=5584, stack(0x0000000024b80000,0x0000000024c80000)]
  0x0000000021ca5800 JavaThread "Grizzly(10)" daemon [_thread_blocked, id=6004, stack(0x0000000024a80000,0x0000000024b80000)]
  0x0000000021ca6800 JavaThread "Grizzly(9)" daemon [_thread_blocked, id=12540, stack(0x0000000024980000,0x0000000024a80000)]
  0x0000000021ca2000 JavaThread "Grizzly(8)" daemon [_thread_blocked, id=14636, stack(0x0000000024880000,0x0000000024980000)]
  0x0000000021ca4000 JavaThread "Grizzly(7)" daemon [_thread_blocked, id=13628, stack(0x0000000024780000,0x0000000024880000)]
  0x0000000021ca2800 JavaThread "Grizzly(6)" daemon [_thread_blocked, id=9632, stack(0x0000000024680000,0x0000000024780000)]
  0x0000000021ca5000 JavaThread "Grizzly(5)" daemon [_thread_blocked, id=14460, stack(0x0000000024580000,0x0000000024680000)]
  0x0000000021c9f800 JavaThread "Grizzly(4)" daemon [_thread_blocked, id=11912, stack(0x0000000024480000,0x0000000024580000)]
  0x0000000021ca0800 JavaThread "Grizzly(3)" daemon [_thread_blocked, id=15252, stack(0x0000000024380000,0x0000000024480000)]
  0x0000000021c9e000 JavaThread "Grizzly(2)" daemon [_thread_blocked, id=7872, stack(0x0000000024280000,0x0000000024380000)]
  0x0000000021c9f000 JavaThread "Grizzly(1)" daemon [_thread_blocked, id=2652, stack(0x0000000024180000,0x0000000024280000)]
  0x0000000021ca1000 JavaThread "Grizzly(8) SelectorRunner" daemon [_thread_in_native, id=13476, stack(0x0000000024080000,0x0000000024180000)]
  0x000000001e70a800 JavaThread "Grizzly(7) SelectorRunner" daemon [_thread_in_native, id=11048, stack(0x0000000023f80000,0x0000000024080000)]
  0x000000001e709800 JavaThread "Grizzly(6) SelectorRunner" daemon [_thread_in_native, id=11448, stack(0x0000000023e80000,0x0000000023f80000)]
  0x000000001e709000 JavaThread "Grizzly(5) SelectorRunner" daemon [_thread_in_native, id=3068, stack(0x0000000023d80000,0x0000000023e80000)]
  0x000000001e705000 JavaThread "Grizzly(4) SelectorRunner" daemon [_thread_in_native, id=13720, stack(0x0000000023c80000,0x0000000023d80000)]
  0x000000001e708000 JavaThread "Grizzly(3) SelectorRunner" daemon [_thread_in_native, id=14348, stack(0x0000000023b80000,0x0000000023c80000)]
  0x000000001e707800 JavaThread "Grizzly(2) SelectorRunner" daemon [_thread_in_native, id=13900, stack(0x00000000224b0000,0x00000000225b0000)]
  0x000000001e703800 JavaThread "Grizzly(1) SelectorRunner" daemon [_thread_in_native, id=2208, stack(0x00000000213b0000,0x00000000214b0000)]
  0x000000001e706000 JavaThread "HttpServer-0" daemon [_thread_blocked, id=1384, stack(0x0000000020eb0000,0x0000000020fb0000)]
  0x000000001e704800 JavaThread "MQTT Call: Surfing IoT-66" [_thread_blocked, id=8452, stack(0x00000000212b0000,0x00000000213b0000)]
  0x000000001e706800 JavaThread "MQTT Snd: Surfing IoT-66" [_thread_blocked, id=14276, stack(0x00000000211b0000,0x00000000212b0000)]
  0x000000001ece8000 JavaThread "MQTT Rec: Surfing IoT-66" [_thread_in_native, id=10636, stack(0x00000000210b0000,0x00000000211b0000)]
  0x000000001dcad000 JavaThread "Timer-0" [_thread_blocked, id=13148, stack(0x000000001fbe0000,0x000000001fce0000)]
  0x000000001ed0d800 JavaThread "weld-worker-8" daemon [_thread_blocked, id=9432, stack(0x000000001f7e0000,0x000000001f8e0000)]
  0x000000001ec05000 JavaThread "weld-worker-7" daemon [_thread_blocked, id=11408, stack(0x000000001f6e0000,0x000000001f7e0000)]
  0x000000001ebee000 JavaThread "weld-worker-6" daemon [_thread_blocked, id=5616, stack(0x000000001f5e0000,0x000000001f6e0000)]
  0x000000001ebeb800 JavaThread "weld-worker-5" daemon [_thread_blocked, id=8252, stack(0x000000001f4e0000,0x000000001f5e0000)]
  0x000000001ebea800 JavaThread "weld-worker-4" daemon [_thread_blocked, id=10756, stack(0x000000001f3e0000,0x000000001f4e0000)]
  0x000000001ebe2000 JavaThread "weld-worker-3" daemon [_thread_blocked, id=14288, stack(0x000000001f2e0000,0x000000001f3e0000)]
  0x000000001ebe1000 JavaThread "weld-worker-2" daemon [_thread_blocked, id=15352, stack(0x000000001f1e0000,0x000000001f2e0000)]
  0x000000001ebe0800 JavaThread "weld-worker-1" daemon [_thread_blocked, id=9996, stack(0x000000001f0e0000,0x000000001f1e0000)]
  0x000000001dba8800 JavaThread "Service Thread" daemon [_thread_blocked, id=14088, stack(0x000000001e4e0000,0x000000001e5e0000)]
  0x000000001db21000 JavaThread "C1 CompilerThread3" daemon [_thread_blocked, id=4712, stack(0x000000001e3e0000,0x000000001e4e0000)]
  0x000000001db16000 JavaThread "C2 CompilerThread2" daemon [_thread_blocked, id=2200, stack(0x000000001e2e0000,0x000000001e3e0000)]
  0x000000001db10000 JavaThread "C2 CompilerThread1" daemon [_thread_blocked, id=10028, stack(0x000000001e1e0000,0x000000001e2e0000)]
  0x000000001db0b800 JavaThread "C2 CompilerThread0" daemon [_thread_blocked, id=14668, stack(0x000000001e0e0000,0x000000001e1e0000)]
  0x000000001db0a000 JavaThread "Attach Listener" daemon [_thread_blocked, id=9540, stack(0x000000001dfe0000,0x000000001e0e0000)]
  0x000000001db09800 JavaThread "Signal Dispatcher" daemon [_thread_blocked, id=2116, stack(0x000000001dee0000,0x000000001dfe0000)]
  0x000000000209c800 JavaThread "Finalizer" daemon [_thread_blocked, id=7228, stack(0x000000001d9e0000,0x000000001dae0000)]
  0x0000000002096000 JavaThread "Reference Handler" daemon [_thread_blocked, id=13864, stack(0x000000001d8e0000,0x000000001d9e0000)]
  0x0000000001fa2800 JavaThread "main" [_thread_blocked, id=14372, stack(0x0000000001e00000,0x0000000001f00000)]

Other Threads:
  0x000000001bb09800 VMThread [stack: 0x000000001d7e0000,0x000000001d8e0000] [id=13276]
  0x000000001db63000 WatcherThread [stack: 0x000000001e5e0000,0x000000001e6e0000] [id=10476]

VM state:not at safepoint (normal execution)

VM Mutex/Monitor currently owned by a thread: None

Heap:
 PSYoungGen      total 141824K, used 17014K [0x000000076b100000, 0x0000000774600000, 0x00000007c0000000)
  eden space 131072K, 12% used [0x000000076b100000,0x000000076c19d990,0x0000000773100000)
  from space 10752K, 0% used [0x0000000773b80000,0x0000000773b80000,0x0000000774600000)
  to   space 10752K, 0% used [0x0000000773100000,0x0000000773100000,0x0000000773b80000)
 ParOldGen       total 102400K, used 7071K [0x00000006c1200000, 0x00000006c7600000, 0x000000076b100000)
  object space 102400K, 6% used [0x00000006c1200000,0x00000006c18e7fc0,0x00000006c7600000)
 Metaspace       used 21306K, capacity 21606K, committed 22192K, reserved 1069056K
  class space    used 2798K, capacity 2901K, committed 2992K, reserved 1048576K

Card table byte_map: [0x0000000011460000,0x0000000011c60000] byte_map_base: 0x000000000de57000

Marking Bits: (ParMarkBitMap*) 0x00000000637d4040
 Begin Bits: [0x00000000129b0000, 0x0000000016968000)
 End Bits:   [0x0000000016968000, 0x000000001a920000)

Polling page: 0x0000000001de0000

CodeCache: size=245760Kb used=6331Kb max_used=6473Kb free=239428Kb
 bounds [0x00000000020a0000, 0x0000000002710000, 0x00000000110a0000]
 total_blobs=2254 nmethods=1870 adapters=296
 compilation: enabled

Compilation events (10 events):
Event: 40.445 Thread 0x000000001db21000 nmethod 2017 0x000000000245d950 code [0x000000000245dac0, 0x000000000245dd48]
Event: 40.445 Thread 0x000000001db21000 2020       3       java.util.Formatter$FormatSpecifier::printString (105 bytes)
Event: 40.448 Thread 0x000000001db21000 nmethod 2020 0x0000000002361dd0 code [0x00000000023620a0, 0x0000000002363458]
Event: 40.448 Thread 0x000000001db21000 2021       3       java.util.Formatter$FormatSpecifier::print (66 bytes)
Event: 40.449 Thread 0x000000001db21000 nmethod 2021 0x00000000023af4d0 code [0x00000000023af6a0, 0x00000000023afe98]
Event: 40.450 Thread 0x000000001db16000 nmethod 2019 0x00000000021b7990 code [0x00000000021b7b00, 0x00000000021b7df8]
Event: 40.496 Thread 0x000000001db10000 2022  s    4       java.lang.StringBuffer::toString (36 bytes)
Event: 40.502 Thread 0x000000001db21000 2023  s    3       java.io.BufferedOutputStream::flush (12 bytes)
Event: 40.503 Thread 0x000000001db21000 nmethod 2023 0x00000000021bb9d0 code [0x00000000021bbb60, 0x00000000021bc058]
Event: 40.507 Thread 0x000000001db10000 nmethod 2022 0x0000000002321ed0 code [0x0000000002322020, 0x0000000002322598]

GC Heap History (10 events):
Event: 6.488 GC heap before
{Heap before GC invocations=1 (full 0):
 PSYoungGen      total 76288K, used 65536K [0x000000076b100000, 0x0000000770600000, 0x00000007c0000000)
  eden space 65536K, 100% used [0x000000076b100000,0x000000076f100000,0x000000076f100000)
  from space 10752K, 0% used [0x000000076fb80000,0x000000076fb80000,0x0000000770600000)
  to   space 10752K, 0% used [0x000000076f100000,0x000000076f100000,0x000000076fb80000)
 ParOldGen       total 175104K, used 0K [0x00000006c1200000, 0x00000006cbd00000, 0x000000076b100000)
  object space 175104K, 0% used [0x00000006c1200000,0x00000006c1200000,0x00000006cbd00000)
 Metaspace       used 14040K, capacity 14162K, committed 14464K, reserved 1062912K
  class space    used 1798K, capacity 1821K, committed 1920K, reserved 1048576K
Event: 6.516 GC heap after
Heap after GC invocations=1 (full 0):
 PSYoungGen      total 76288K, used 8341K [0x000000076b100000, 0x0000000770600000, 0x00000007c0000000)
  eden space 65536K, 0% used [0x000000076b100000,0x000000076b100000,0x000000076f100000)
  from space 10752K, 77% used [0x000000076f100000,0x000000076f925690,0x000000076fb80000)
  to   space 10752K, 0% used [0x000000076fb80000,0x000000076fb80000,0x0000000770600000)
 ParOldGen       total 175104K, used 80K [0x00000006c1200000, 0x00000006cbd00000, 0x000000076b100000)
  object space 175104K, 0% used [0x00000006c1200000,0x00000006c1214010,0x00000006cbd00000)
 Metaspace       used 14040K, capacity 14162K, committed 14464K, reserved 1062912K
  class space    used 1798K, capacity 1821K, committed 1920K, reserved 1048576K
}
Event: 7.110 GC heap before
{Heap before GC invocations=2 (full 0):
 PSYoungGen      total 76288K, used 73877K [0x000000076b100000, 0x0000000770600000, 0x00000007c0000000)
  eden space 65536K, 100% used [0x000000076b100000,0x000000076f100000,0x000000076f100000)
  from space 10752K, 77% used [0x000000076f100000,0x000000076f925690,0x000000076fb80000)
  to   space 10752K, 0% used [0x000000076fb80000,0x000000076fb80000,0x0000000770600000)
 ParOldGen       total 175104K, used 80K [0x00000006c1200000, 0x00000006cbd00000, 0x000000076b100000)
  object space 175104K, 0% used [0x00000006c1200000,0x00000006c1214010,0x00000006cbd00000)
 Metaspace       used 14301K, capacity 14386K, committed 14720K, reserved 1062912K
  class space    used 1823K, capacity 1853K, committed 1920K, reserved 1048576K
Event: 7.119 GC heap after
Heap after GC invocations=2 (full 0):
 PSYoungGen      total 76288K, used 2583K [0x000000076b100000, 0x0000000770600000, 0x00000007c0000000)
  eden space 65536K, 0% used [0x000000076b100000,0x000000076b100000,0x000000076f100000)
  from space 10752K, 24% used [0x000000076fb80000,0x000000076fe05cb0,0x0000000770600000)
  to   space 10752K, 0% used [0x000000076f100000,0x000000076f100000,0x000000076fb80000)
 ParOldGen       total 175104K, used 88K [0x00000006c1200000, 0x00000006cbd00000, 0x000000076b100000)
  object space 175104K, 0% used [0x00000006c1200000,0x00000006c1216010,0x00000006cbd00000)
 Metaspace       used 14301K, capacity 14386K, committed 14720K, reserved 1062912K
  class space    used 1823K, capacity 1853K, committed 1920K, reserved 1048576K
}
Event: 7.620 GC heap before
{Heap before GC invocations=3 (full 0):
 PSYoungGen      total 76288K, used 68119K [0x000000076b100000, 0x0000000770600000, 0x00000007c0000000)
  eden space 65536K, 100% used [0x000000076b100000,0x000000076f100000,0x000000076f100000)
  from space 10752K, 24% used [0x000000076fb80000,0x000000076fe05cb0,0x0000000770600000)
  to   space 10752K, 0% used [0x000000076f100000,0x000000076f100000,0x000000076fb80000)
 ParOldGen       total 175104K, used 88K [0x00000006c1200000, 0x00000006cbd00000, 0x000000076b100000)
  object space 175104K, 0% used [0x00000006c1200000,0x00000006c1216010,0x00000006cbd00000)
 Metaspace       used 14301K, capacity 14386K, committed 14720K, reserved 1062912K
  class space    used 1823K, capacity 1853K, committed 1920K, reserved 1048576K
Event: 7.630 GC heap after
Heap after GC invocations=3 (full 0):
 PSYoungGen      total 76288K, used 2503K [0x000000076b100000, 0x0000000774600000, 0x00000007c0000000)
  eden space 65536K, 0% used [0x000000076b100000,0x000000076b100000,0x000000076f100000)
  from space 10752K, 23% used [0x000000076f100000,0x000000076f371c80,0x000000076fb80000)
  to   space 10752K, 0% used [0x0000000773b80000,0x0000000773b80000,0x0000000774600000)
 ParOldGen       total 175104K, used 96K [0x00000006c1200000, 0x00000006cbd00000, 0x000000076b100000)
  object space 175104K, 0% used [0x00000006c1200000,0x00000006c1218010,0x00000006cbd00000)
 Metaspace       used 14301K, capacity 14386K, committed 14720K, reserved 1062912K
  class space    used 1823K, capacity 1853K, committed 1920K, reserved 1048576K
}
Event: 9.359 GC heap before
{Heap before GC invocations=4 (full 0):
 PSYoungGen      total 76288K, used 45185K [0x000000076b100000, 0x0000000774600000, 0x00000007c0000000)
  eden space 65536K, 65% used [0x000000076b100000,0x000000076daae9d8,0x000000076f100000)
  from space 10752K, 23% used [0x000000076f100000,0x000000076f371c80,0x000000076fb80000)
  to   space 10752K, 0% used [0x0000000773b80000,0x0000000773b80000,0x0000000774600000)
 ParOldGen       total 175104K, used 96K [0x00000006c1200000, 0x00000006cbd00000, 0x000000076b100000)
  object space 175104K, 0% used [0x00000006c1200000,0x00000006c1218010,0x00000006cbd00000)
 Metaspace       used 20772K, capacity 21024K, committed 21296K, reserved 1067008K
  class space    used 2735K, capacity 2834K, committed 2864K, reserved 1048576K
Event: 9.379 GC heap after
Heap after GC invocations=4 (full 0):
 PSYoungGen      total 141824K, used 7282K [0x000000076b100000, 0x0000000774600000, 0x00000007c0000000)
  eden space 131072K, 0% used [0x000000076b100000,0x000000076b100000,0x0000000773100000)
  from space 10752K, 67% used [0x0000000773b80000,0x000000077429c828,0x0000000774600000)
  to   space 10752K, 0% used [0x0000000773100000,0x0000000773100000,0x0000000773b80000)
 ParOldGen       total 175104K, used 104K [0x00000006c1200000, 0x00000006cbd00000, 0x000000076b100000)
  object space 175104K, 0% used [0x00000006c1200000,0x00000006c121a010,0x00000006cbd00000)
 Metaspace       used 20772K, capacity 21024K, committed 21296K, reserved 1067008K
  class space    used 2735K, capacity 2834K, committed 2864K, reserved 1048576K
}
Event: 9.379 GC heap before
{Heap before GC invocations=5 (full 1):
 PSYoungGen      total 141824K, used 7282K [0x000000076b100000, 0x0000000774600000, 0x00000007c0000000)
  eden space 131072K, 0% used [0x000000076b100000,0x000000076b100000,0x0000000773100000)
  from space 10752K, 67% used [0x0000000773b80000,0x000000077429c828,0x0000000774600000)
  to   space 10752K, 0% used [0x0000000773100000,0x0000000773100000,0x0000000773b80000)
 ParOldGen       total 175104K, used 104K [0x00000006c1200000, 0x00000006cbd00000, 0x000000076b100000)
  object space 175104K, 0% used [0x00000006c1200000,0x00000006c121a010,0x00000006cbd00000)
 Metaspace       used 20772K, capacity 21024K, committed 21296K, reserved 1067008K
  class space    used 2735K, capacity 2834K, committed 2864K, reserved 1048576K
Event: 9.471 GC heap after
Heap after GC invocations=5 (full 1):
 PSYoungGen      total 141824K, used 0K [0x000000076b100000, 0x0000000774600000, 0x00000007c0000000)
  eden space 131072K, 0% used [0x000000076b100000,0x000000076b100000,0x0000000773100000)
  from space 10752K, 0% used [0x0000000773b80000,0x0000000773b80000,0x0000000774600000)
  to   space 10752K, 0% used [0x0000000773100000,0x0000000773100000,0x0000000773b80000)
 ParOldGen       total 102400K, used 7071K [0x00000006c1200000, 0x00000006c7600000, 0x000000076b100000)
  object space 102400K, 6% used [0x00000006c1200000,0x00000006c18e7fc0,0x00000006c7600000)
 Metaspace       used 20768K, capacity 21018K, committed 21296K, reserved 1067008K
  class space    used 2734K, capacity 2833K, committed 2864K, reserved 1048576K
}

Deoptimization events (10 events):
Event: 2.621 Thread 0x000000001ebe0800 Uncommon trap: reason=bimorphic action=maybe_recompile pc=0x00000000023afac8 method=java.util.HashMap.putVal(ILjava/lang/Object;Ljava/lang/Object;ZZ)Ljava/lang/Object; @ 152
Event: 2.621 Thread 0x000000001ebee000 Uncommon trap: reason=bimorphic action=maybe_recompile pc=0x00000000023afac8 method=java.util.HashMap.putVal(ILjava/lang/Object;Ljava/lang/Object;ZZ)Ljava/lang/Object; @ 152
Event: 7.386 Thread 0x0000000001fa2800 Uncommon trap: reason=predicate action=maybe_recompile pc=0x00000000024fb658 method=org.objectweb.asm.ClassReader.accept(Lorg/objectweb/asm/ClassVisitor;[Lorg/objectweb/asm/Attribute;I)V @ 789
Event: 8.304 Thread 0x0000000001fa2800 Uncommon trap: reason=class_check action=maybe_recompile pc=0x000000000257b814 method=java.lang.reflect.Executable.declaredAnnotations()Ljava/util/Map; @ 8
Event: 8.304 Thread 0x0000000001fa2800 Uncommon trap: reason=class_check action=maybe_recompile pc=0x000000000257b814 method=java.lang.reflect.Executable.declaredAnnotations()Ljava/util/Map; @ 8
Event: 8.318 Thread 0x0000000001fa2800 Uncommon trap: reason=class_check action=maybe_recompile pc=0x000000000257b814 method=java.lang.reflect.Executable.declaredAnnotations()Ljava/util/Map; @ 8
Event: 8.319 Thread 0x0000000001fa2800 Uncommon trap: reason=class_check action=maybe_recompile pc=0x000000000257b814 method=java.lang.reflect.Executable.declaredAnnotations()Ljava/util/Map; @ 8
Event: 8.847 Thread 0x0000000001fa2800 Uncommon trap: reason=unstable_if action=reinterpret pc=0x00000000024d2934 method=sun.util.calendar.BaseCalendar.getFixedDate(IIILsun/util/calendar/BaseCalendar$Date;)J @ 67
Event: 8.847 Thread 0x0000000001fa2800 Uncommon trap: reason=unstable_if action=reinterpret pc=0x00000000024cf994 method=sun.util.calendar.BaseCalendar$Date.hit(J)Z @ 6
Event: 9.511 Thread 0x0000000001fa2800 Uncommon trap: reason=unstable_if action=reinterpret pc=0x000000000246d774 method=java.lang.String.startsWith(Ljava/lang/String;I)Z @ 25

Internal exceptions (10 events):
Event: 9.329 Thread 0x0000000001fa2800 Exception <a 'java/lang/NoSuchFieldError': method resolution failed> (0x000000076d95a290) thrown at [C:\re\workspace\8-2-build-windows-amd64-cygwin\jdk8u45\3627\hotspot\src\share\vm\prims\methodHandles.cpp, line 1125]
Event: 9.544 Thread 0x0000000021cab800 Exception <a 'java/io/FileNotFoundException'> (0x000000076b8d1d70) thrown at [C:\re\workspace\8-2-build-windows-amd64-cygwin\jdk8u45\3627\hotspot\src\share\vm\prims\jni.cpp, line 709]
Event: 9.546 Thread 0x0000000021cad000 Exception <a 'sun/nio/fs/WindowsException'> (0x000000076b9ef8a8) thrown at [C:\re\workspace\8-2-build-windows-amd64-cygwin\jdk8u45\3627\hotspot\src\share\vm\prims\jni.cpp, line 709]
Event: 9.675 Thread 0x0000000021cab800 Exception <a 'java/io/FileNotFoundException'> (0x000000076b8e84e8) thrown at [C:\re\workspace\8-2-build-windows-amd64-cygwin\jdk8u45\3627\hotspot\src\share\vm\prims\jni.cpp, line 709]
Event: 9.677 Thread 0x0000000021cab800 Exception <a 'java/io/FileNotFoundException'> (0x000000076b8f9ef8) thrown at [C:\re\workspace\8-2-build-windows-amd64-cygwin\jdk8u45\3627\hotspot\src\share\vm\prims\jni.cpp, line 709]
Event: 9.802 Thread 0x0000000021cab800 Exception <a 'java/io/FileNotFoundException'> (0x000000076b910060) thrown at [C:\re\workspace\8-2-build-windows-amd64-cygwin\jdk8u45\3627\hotspot\src\share\vm\prims\jni.cpp, line 709]
Event: 30.831 Thread 0x0000000021cab800 Exception <a 'java/io/FileNotFoundException'> (0x000000076be58820) thrown at [C:\re\workspace\8-2-build-windows-amd64-cygwin\jdk8u45\3627\hotspot\src\share\vm\prims\jni.cpp, line 709]
Event: 30.834 Thread 0x0000000021cab800 Exception <a 'java/io/FileNotFoundException'> (0x000000076c0fe1b8) thrown at [C:\re\workspace\8-2-build-windows-amd64-cygwin\jdk8u45\3627\hotspot\src\share\vm\prims\jni.cpp, line 709]
Event: 40.496 Thread 0x0000000021cab800 Exception <a 'java/io/FileNotFoundException'> (0x000000076c128450) thrown at [C:\re\workspace\8-2-build-windows-amd64-cygwin\jdk8u45\3627\hotspot\src\share\vm\prims\jni.cpp, line 709]
Event: 40.501 Thread 0x0000000021cab800 Exception <a 'java/io/FileNotFoundException'> (0x000000076c13e5b8) thrown at [C:\re\workspace\8-2-build-windows-amd64-cygwin\jdk8u45\3627\hotspot\src\share\vm\prims\jni.cpp, line 709]

Events (10 events):
Event: 26.704 Thread 0x000000001db21000 flushing nmethod 0x0000000002492810
Event: 40.436 loading class java/lang/Throwable$WrappedPrintStream
Event: 40.436 loading class java/lang/Throwable$PrintStreamOrWriter
Event: 40.436 loading class java/lang/Throwable$PrintStreamOrWriter done
Event: 40.436 loading class java/lang/Throwable$WrappedPrintStream done
Event: 40.436 loading class java/util/IdentityHashMap$KeySet
Event: 40.436 loading class java/util/IdentityHashMap$KeySet done
Event: 40.439 Executing VM operation: RevokeBias
Event: 40.439 Executing VM operation: RevokeBias done
Event: 40.493 Thread 0x0000000020ac6800 Thread exited: 0x0000000020ac6800


Dynamic libraries:
0x00007ff74bdf0000 - 0x00007ff74be27000 	D:\Java\jdk1.8.0_45\bin\java.exe
0x00007ff932050000 - 0x00007ff9321fc000 	C:\Windows\SYSTEM32\ntdll.dll
0x00007ff9319c0000 - 0x00007ff931afe000 	C:\Windows\system32\KERNEL32.DLL
0x00007ff92f270000 - 0x00007ff92f385000 	C:\Windows\system32\KERNELBASE.dll
0x00007ff92dd40000 - 0x00007ff92ddce000 	C:\Windows\system32\apphelp.dll
0x00007ff917e00000 - 0x00007ff917e53000 	C:\Windows\AppPatch\AppPatch64\AcGenral.DLL
0x00007ff92f8d0000 - 0x00007ff92f97a000 	C:\Windows\system32\msvcrt.dll
0x00007ff92f040000 - 0x00007ff92f06e000 	C:\Windows\SYSTEM32\SspiCli.dll
0x00007ff92fdd0000 - 0x00007ff92fe24000 	C:\Windows\system32\SHLWAPI.dll
0x00007ff92f750000 - 0x00007ff92f8c7000 	C:\Windows\system32\USER32.dll
0x00007ff9300c0000 - 0x00007ff930254000 	C:\Windows\system32\ole32.dll
0x00007ff930280000 - 0x00007ff9317ab000 	C:\Windows\system32\SHELL32.dll
0x00007ff92e7c0000 - 0x00007ff92e7e1000 	C:\Windows\SYSTEM32\USERENV.dll
0x00007ff931d40000 - 0x00007ff931dea000 	C:\Windows\system32\ADVAPI32.dll
0x00007ff922b60000 - 0x00007ff922b7e000 	C:\Windows\SYSTEM32\MPR.dll
0x00007ff931870000 - 0x00007ff9319b1000 	C:\Windows\system32\RPCRT4.dll
0x00007ff92f980000 - 0x00007ff92f9d9000 	C:\Windows\SYSTEM32\sechost.dll
0x00007ff931df0000 - 0x00007ff932001000 	C:\Windows\SYSTEM32\combase.dll
0x00007ff92fb40000 - 0x00007ff92fc8f000 	C:\Windows\system32\GDI32.dll
0x00007ff92f1a0000 - 0x00007ff92f1b5000 	C:\Windows\SYSTEM32\profapi.dll
0x00007ff92d710000 - 0x00007ff92d7c2000 	C:\Windows\SYSTEM32\SHCORE.dll
0x00007ff932010000 - 0x00007ff932046000 	C:\Windows\system32\IMM32.DLL
0x00007ff92f9e0000 - 0x00007ff92fb32000 	C:\Windows\system32\MSCTF.dll
0x00007ff92ce00000 - 0x00007ff92d07b000 	C:\Windows\WinSxS\amd64_microsoft.windows.common-controls_6595b64144ccf1df_6.0.9600.18006_none_623f33d3ecbe86e8\COMCTL32.dll
0x0000000063b20000 - 0x0000000063bf2000 	D:\Java\jdk1.8.0_45\jre\bin\msvcr100.dll
0x0000000062fd0000 - 0x0000000063853000 	D:\Java\jdk1.8.0_45\jre\bin\server\jvm.dll
0x00007ff926680000 - 0x00007ff926689000 	C:\Windows\SYSTEM32\WSOCK32.dll
0x00007ff924980000 - 0x00007ff9249a2000 	C:\Windows\SYSTEM32\WINMM.dll
0x00007ff927a30000 - 0x00007ff927a3a000 	C:\Windows\SYSTEM32\VERSION.dll
0x00007ff92f6d0000 - 0x00007ff92f6d7000 	C:\Windows\system32\PSAPI.DLL
0x00007ff931ce0000 - 0x00007ff931d3a000 	C:\Windows\system32\WS2_32.dll
0x00007ff924930000 - 0x00007ff92495a000 	C:\Windows\SYSTEM32\WINMMBASE.dll
0x00007ff930270000 - 0x00007ff930279000 	C:\Windows\system32\NSI.dll
0x00007ff92f680000 - 0x00007ff92f6cf000 	C:\Windows\SYSTEM32\cfgmgr32.dll
0x00007ff92df90000 - 0x00007ff92dfb8000 	C:\Windows\SYSTEM32\DEVOBJ.dll
0x0000000063b10000 - 0x0000000063b1f000 	D:\Java\jdk1.8.0_45\jre\bin\verify.dll
0x0000000063ae0000 - 0x0000000063b09000 	D:\Java\jdk1.8.0_45\jre\bin\java.dll
0x0000000063ac0000 - 0x0000000063ad6000 	D:\Java\jdk1.8.0_45\jre\bin\zip.dll
0x00000000638b0000 - 0x00000000638ca000 	D:\Java\jdk1.8.0_45\jre\bin\net.dll
0x00007ff92ea80000 - 0x00007ff92ead9000 	C:\Windows\system32\mswsock.dll
0x0000000063890000 - 0x00000000638a1000 	D:\Java\jdk1.8.0_45\jre\bin\nio.dll
0x00007ff92e880000 - 0x00007ff92e924000 	C:\Windows\SYSTEM32\DNSAPI.dll
0x00007ff924f40000 - 0x00007ff924f4a000 	C:\Windows\System32\rasadhlp.dll
0x00007ff929210000 - 0x00007ff92923a000 	C:\Windows\SYSTEM32\IPHLPAPI.DLL
0x00007ff9291f0000 - 0x00007ff9291fa000 	C:\Windows\SYSTEM32\WINNSI.DLL
0x00007ff928d80000 - 0x00007ff928deb000 	C:\Windows\System32\fwpuclnt.dll
0x00007ff92eae0000 - 0x00007ff92eb00000 	C:\Windows\SYSTEM32\CRYPTSP.dll
0x00007ff92e6b0000 - 0x00007ff92e6e6000 	C:\Windows\system32\rsaenh.dll
0x00007ff92ed30000 - 0x00007ff92ed56000 	C:\Windows\SYSTEM32\bcrypt.dll
0x00007ff92f070000 - 0x00007ff92f0d3000 	C:\Windows\system32\bcryptprimitives.dll
0x00007ff92f0e0000 - 0x00007ff92f0eb000 	C:\Windows\SYSTEM32\CRYPTBASE.dll
0x0000000180000000 - 0x0000000180025000 	D:\Java\jdk1.8.0_45\bin\rxtxSerial.dll
0x00007ff926180000 - 0x00007ff926309000 	C:\Windows\SYSTEM32\dbghelp.dll

VM Arguments:
jvm_args: -Dsurfing.config=V:/IoT Surfboard/GIT/service/IoT-Surfing-Service/config/etc/surfing 
java_command: org.surfing.kernel.Kernel -classpath V:\IoT Surfboard\GIT\service\IoT-Surfing-Service\target\classes;C:\Users\vsenger\.m2\repository\javax\json\javax.json-api\1.0\javax.json-api-1.0.jar;C:\Users\vsenger\.m2\repository\org\mongodb\mongo-java-driver\2.13.2\mongo-java-driver-2.13.2.jar;C:\Users\vsenger\.m2\repository\org\eclipse\paho\mqtt-client\0.4.0\mqtt-client-0.4.0.jar;C:\Users\vsenger\.m2\repository\org\rxtx\rxtx\2.1.7\rxtx-2.1.7.jar;C:\Users\vsenger\.m2\repository\commons-httpclient\commons-httpclient\3.1\commons-httpclient-3.1.jar;C:\Users\vsenger\.m2\repository\commons-logging\commons-logging\1.0.4\commons-logging-1.0.4.jar;C:\Users\vsenger\.m2\repository\commons-codec\commons-codec\1.2\commons-codec-1.2.jar;C:\Users\vsenger\.m2\repository\commons-net\commons-net\3.3\commons-net-3.3.jar;C:\Users\vsenger\.m2\repository\com\pi4j\pi4j-core\0.0.5\pi4j-core-0.0.5.jar;C:\Users\vsenger\.m2\repository\com\sun\jersey\jersey-core\1.10\jersey-core-1.10.jar;C:\Users\vsenger\.m2\repository\com\sun\jersey\jersey-grizzly2\1.10\jersey-grizzly2-1.10.jar;C:\Users\vsenger\.m2\repository\org\glassfish\grizzly\grizzly-http\2.1.2\grizzly-http-2.1.2.jar;C:\Users\vsenger\.m2\repository\org\glassfish\grizzly\grizzly-framework\2.1.2\grizzly-framework-2.1.2.jar;C:\Users\vsenger\.m2\repository\org\glassfish\gmbal\gmbal-api-only\3.0.0-b023\gmbal-api-only-3.0.0-b023.jar;C:\Users\vsenger\.m2\repository\org\glassfish\external\management-api\3.0.0-b012\management-api-3.0.0-b012.jar;C:\Users\vsenger\.m2\repository\org\glassfish\grizzly\grizzly-http-server\2.1.2\grizzly-http-server-2.1.2.jar;C:\Users\vsenger\.m2\repository\org\glassfish\grizzly\grizzly-rcm\2.1.2\grizzly-rcm-2.1.2.jar;C:\Users\vsenger\.m2\repository\com\sun\jersey\jersey-server\1.10\jersey-server-1.10.jar;C:\Users\vsenger\.m2\repository\asm\asm\3.1\asm-3.1.jar;C:\Users\vsenger\.m2\repository\org\jboss\weld\se\weld-se\2.2.12.Final\weld-se-2.2.12.Final.jar;C:\Users\vsenger\.m2\repository\com\googlecode\json-simple\j
java_class_path (initial): V:\IoT Surfboard\GIT\service\IoT-Surfing-Service\target\classes;C:\Users\vsenger\.m2\repository\javax\json\javax.json-api\1.0\javax.json-api-1.0.jar;C:\Users\vsenger\.m2\repository\org\mongodb\mongo-java-driver\2.13.2\mongo-java-driver-2.13.2.jar;C:\Users\vsenger\.m2\repository\org\eclipse\paho\mqtt-client\0.4.0\mqtt-client-0.4.0.jar;C:\Users\vsenger\.m2\repository\org\rxtx\rxtx\2.1.7\rxtx-2.1.7.jar;C:\Users\vsenger\.m2\repository\commons-httpclient\commons-httpclient\3.1\commons-httpclient-3.1.jar;C:\Users\vsenger\.m2\repository\commons-logging\commons-logging\1.0.4\commons-logging-1.0.4.jar;C:\Users\vsenger\.m2\repository\commons-codec\commons-codec\1.2\commons-codec-1.2.jar;C:\Users\vsenger\.m2\repository\commons-net\commons-net\3.3\commons-net-3.3.jar;C:\Users\vsenger\.m2\repository\com\pi4j\pi4j-core\0.0.5\pi4j-core-0.0.5.jar;C:\Users\vsenger\.m2\repository\com\sun\jersey\jersey-core\1.10\jersey-core-1.10.jar;C:\Users\vsenger\.m2\repository\com\sun\jersey\jersey-grizzly2\1.10\jersey-grizzly2-1.10.jar;C:\Users\vsenger\.m2\repository\org\glassfish\grizzly\grizzly-http\2.1.2\grizzly-http-2.1.2.jar;C:\Users\vsenger\.m2\repository\org\glassfish\grizzly\grizzly-framework\2.1.2\grizzly-framework-2.1.2.jar;C:\Users\vsenger\.m2\repository\org\glassfish\gmbal\gmbal-api-only\3.0.0-b023\gmbal-api-only-3.0.0-b023.jar;C:\Users\vsenger\.m2\repository\org\glassfish\external\management-api\3.0.0-b012\management-api-3.0.0-b012.jar;C:\Users\vsenger\.m2\repository\org\glassfish\grizzly\grizzly-http-server\2.1.2\grizzly-http-server-2.1.2.jar;C:\Users\vsenger\.m2\repository\org\glassfish\grizzly\grizzly-rcm\2.1.2\grizzly-rcm-2.1.2.jar;C:\Users\vsenger\.m2\repository\com\sun\jersey\jersey-server\1.10\jersey-server-1.10.jar;C:\Users\vsenger\.m2\repository\asm\asm\3.1\asm-3.1.jar;C:\Users\vsenger\.m2\repository\org\jboss\weld\se\weld-se\2.2.12.Final\weld-se-2.2.12.Final.jar;C:\Users\vsenger\.m2\repository\com\googlecode\json-simple\json-simple\1.1\json-simp
Launcher Type: SUN_STANDARD

Environment Variables:
JAVA_HOME=D:\Java\jdk1.8.0_45
PATH=C:\ProgramData\Oracle\Java\javapath;C:\Windows\system32;C:\Windows;C:\Windows\System32\Wbem;C:\Windows\System32\WindowsPowerShell\v1.0\;C:\Program Files\Intel\WiFi\bin\;C:\Program Files\Common Files\Intel\WirelessCommon\;C:\Program Files (x86)\Windows Kits\8.1\Windows Performance Toolkit\;C:\Program Files\Microsoft SQL Server\110\Tools\Binn\;C:\Program Files (x86)\Microsoft SDKs\TypeScript\1.0\;C:\Program Files\Microsoft SQL Server\120\Tools\Binn\;d:\Program Files (x86)\Git\cmd;d:\Program Files (x86)\Git\bin;D:\Java\nodejs\;C:\Program Files\Cinterion\Module Exchange Suite\;C:\Program Files (x86)\Skype\Phone\;C:\Program Files (x86)\QuickTime\QTSystem\;C:\Program Files (x86)\Windows Live\Shared;C:\Program Files\Intel\WiFi\bin\;C:\Program Files\Common Files\Intel\WirelessCommon\;C:\Users\vsenger\AppData\Roaming\npm
USERNAME=vsenger
OS=Windows_NT
PROCESSOR_IDENTIFIER=Intel64 Family 6 Model 60 Stepping 3, GenuineIntel



---------------  S Y S T E M  ---------------

OS: Windows 8.1 , 64 bit Build 9600 (6.3.9600.17415)

CPU:total 8 (4 cores per cpu, 2 threads per core) family 6 model 60 stepping 3, cmov, cx8, fxsr, mmx, sse, sse2, sse3, ssse3, sse4.1, sse4.2, popcnt, avx, avx2, aes, clmul, erms, lzcnt, ht, tsc, tscinvbit, bmi1, bmi2

Memory: 4k page, physical 16695428k(7732136k free), swap 19185796k(7865772k free)

vm_info: Java HotSpot(TM) 64-Bit Server VM (25.45-b02) for windows-amd64 JRE (1.8.0_45-b15), built on Apr 30 2015 12:40:44 by "java_re" with MS VC++ 10.0 (VS2010)

time: Tue Oct 27 17:40:52 2015
elapsed time: 40 seconds (0d 0h 0m 40s)

